{"level":"INFO","time":"2023-06-14T07:05:31.957Z","pid":17184,"hostname":"רבקה","msg":"my app is listening on http://localhost:3000"}
{"level":"INFO","time":"2023-06-14T07:05:31.976Z","pid":17184,"hostname":"רבקה","msg":"connect to mongoDB"}
{"level":"INFO","time":"2023-06-14T07:31:46.967Z","pid":4004,"hostname":"רבקה","msg":"my app is listening on http://localhost:3000"}
{"level":"INFO","time":"2023-06-14T07:31:46.978Z","pid":4004,"hostname":"רבקה","msg":"connect to mongoDB"}
{"level":"INFO","time":"2023-06-14T09:21:18.108Z","pid":2776,"hostname":"רבקה","msg":"my app is listening on http://localhost:3000"}
{"level":"INFO","time":"2023-06-14T09:21:18.121Z","pid":2776,"hostname":"רבקה","msg":"connect to mongoDB"}
{"level":"INFO","time":"2023-06-14T09:36:55.638Z","pid":18288,"hostname":"רבקה","msg":"my app is listening on http://localhost:3000"}
{"level":"INFO","time":"2023-06-14T09:36:55.654Z","pid":18288,"hostname":"רבקה","msg":"connect to mongoDB"}
{"level":"INFO","time":"2023-06-14T09:37:58.577Z","pid":4040,"hostname":"רבקה","msg":"my app is listening on http://localhost:3000"}
{"level":"INFO","time":"2023-06-14T09:37:58.590Z","pid":4040,"hostname":"רבקה","msg":"connect to mongoDB"}
{"level":"ERROR","time":"2023-06-14T09:38:01.733Z","pid":4040,"hostname":"רבקה","errors":{"domain":["The domain is not available."]}}
{"level":"INFO","time":"2023-06-14T09:44:33.409Z","pid":620,"hostname":"רבקה","msg":"my app is listening on http://localhost:3000"}
{"level":"INFO","time":"2023-06-14T09:44:33.426Z","pid":620,"hostname":"רבקה","msg":"connect to mongoDB"}
{"level":"ERROR","time":"2023-06-14T09:44:37.996Z","pid":620,"hostname":"רבקה","errors":{"domain":["The domain is not available."]}}
{"level":"INFO","time":"2023-06-14T09:47:12.425Z","pid":17088,"hostname":"רבקה","msg":"my app is listening on http://localhost:3000"}
{"level":"INFO","time":"2023-06-14T09:47:12.435Z","pid":17088,"hostname":"רבקה","msg":"connect to mongoDB"}
{"level":"ERROR","time":"2023-06-14T09:47:18.413Z","pid":17088,"hostname":"רבקה","errors":{"domain":["The domain is not available."]}}
{"level":"INFO","time":"2023-06-14T09:47:56.292Z","pid":15984,"hostname":"רבקה","msg":"my app is listening on http://localhost:3000"}
{"level":"INFO","time":"2023-06-14T09:47:56.307Z","pid":15984,"hostname":"רבקה","msg":"connect to mongoDB"}
{"level":"ERROR","time":"2023-06-14T09:47:59.896Z","pid":15984,"hostname":"רבקה","errors":{"domain":["The domain is not available."]}}
{"level":"INFO","time":"2023-06-14T10:09:14.685Z","pid":16848,"hostname":"רבקה","msg":"my app is listening on http://localhost:3000"}
{"level":"INFO","time":"2023-06-14T10:09:14.703Z","pid":16848,"hostname":"רבקה","msg":"connect to mongoDB"}
{"level":"ERROR","time":"2023-06-14T10:09:17.834Z","pid":16848,"hostname":"רבקה","errors":{"domain":["The domain is not available."]}}
{"level":"INFO","time":"2023-06-20T14:54:46.772Z","pid":21540,"hostname":"DESKTOP-6IB58BT","msg":"my app is listening on http://localhost:3000"}
{"level":"INFO","time":"2023-06-20T14:54:46.801Z","pid":21540,"hostname":"DESKTOP-6IB58BT","msg":"connect to mongoDB"}
{"level":"INFO","time":"2023-06-20T14:56:54.577Z","pid":15580,"hostname":"DESKTOP-6IB58BT","msg":"my app is listening on http://localhost:3000"}
{"level":"INFO","time":"2023-06-20T14:56:54.597Z","pid":15580,"hostname":"DESKTOP-6IB58BT","msg":"connect to mongoDB"}
{"level":"INFO","time":"2023-06-20T15:04:29.098Z","pid":18932,"hostname":"DESKTOP-6IB58BT","msg":"my app is listening on http://localhost:3000"}
{"level":"INFO","time":"2023-06-20T15:04:29.121Z","pid":18932,"hostname":"DESKTOP-6IB58BT","msg":"connect to mongoDB"}
{"level":"INFO","time":"2023-06-20T18:06:57.455Z","pid":28408,"hostname":"DESKTOP-6IB58BT","msg":"my app is listening on http://localhost:3000"}
{"level":"INFO","time":"2023-06-20T18:06:57.562Z","pid":28408,"hostname":"DESKTOP-6IB58BT","msg":"connect to mongoDB"}
{"level":"ERROR","time":"2023-06-20T18:21:17.808Z","pid":28408,"hostname":"DESKTOP-6IB58BT","errors":{"cpu":["the cpu mast to be 1 from the array "],"description":["The description must be at least 10 characters."],"domain":["The domain is not available."],"typeOfDomain":["the type domain not Right"]}}
{"level":"INFO","time":"2023-06-20T18:27:37.349Z","pid":3284,"hostname":"DESKTOP-6IB58BT","msg":"my app is listening on http://localhost:3000"}
{"level":"INFO","time":"2023-06-20T18:27:37.387Z","pid":3284,"hostname":"DESKTOP-6IB58BT","msg":"connect to mongoDB"}
{"level":"ERROR","time":"2023-06-20T18:27:47.311Z","pid":3284,"hostname":"DESKTOP-6IB58BT","errors":{"cpu":["the cpu mast to be 1 from the array "],"description":["The description must be at least 10 characters."],"domain":["The domain is not available."],"typeOfDomain":["the type domain not Right"]}}
{"level":"INFO","time":"2023-06-20T18:28:03.246Z","pid":25908,"hostname":"DESKTOP-6IB58BT","msg":"my app is listening on http://localhost:3000"}
{"level":"INFO","time":"2023-06-20T18:28:03.262Z","pid":25908,"hostname":"DESKTOP-6IB58BT","msg":"connect to mongoDB"}
{"level":"ERROR","time":"2023-06-20T18:28:36.729Z","pid":25908,"hostname":"DESKTOP-6IB58BT","errors":{"cpu":["the cpu mast to be 1 from the array "],"description":["The description must be at least 10 characters."],"domain":["The domain is not available."],"typeOfDomain":["the type domain not Right"]}}
{"level":"INFO","time":"2023-06-20T18:31:20.374Z","pid":1304,"hostname":"DESKTOP-6IB58BT","msg":"my app is listening on http://localhost:3000"}
{"level":"INFO","time":"2023-06-20T18:31:20.428Z","pid":1304,"hostname":"DESKTOP-6IB58BT","msg":"connect to mongoDB"}
{"level":"ERROR","time":"2023-06-20T18:31:22.370Z","pid":1304,"hostname":"DESKTOP-6IB58BT","errors":{"domain":["The domain is not available."]}}
{"level":"INFO","time":"2023-06-20T19:03:07.892Z","pid":8096,"hostname":"DESKTOP-6IB58BT","msg":"my app is listening on http://localhost:3000"}
{"level":"INFO","time":"2023-06-20T19:03:07.929Z","pid":8096,"hostname":"DESKTOP-6IB58BT","msg":"connect to mongoDB"}
{"level":"INFO","time":"2023-06-20T19:15:21.477Z","pid":23400,"hostname":"DESKTOP-6IB58BT","msg":"my app is listening on http://localhost:3000"}
{"level":"INFO","time":"2023-06-20T19:15:21.551Z","pid":23400,"hostname":"DESKTOP-6IB58BT","msg":"connect to mongoDB"}
{"level":"INFO","time":"2023-06-20T19:28:06.865Z","pid":23432,"hostname":"DESKTOP-6IB58BT","msg":"my app is listening on http://localhost:3000"}
{"level":"INFO","time":"2023-06-20T19:28:06.898Z","pid":23432,"hostname":"DESKTOP-6IB58BT","msg":"connect to mongoDB"}
{"level":"INFO","time":"2023-06-20T19:29:12.433Z","pid":26280,"hostname":"DESKTOP-6IB58BT","msg":"my app is listening on http://localhost:3000"}
{"level":"INFO","time":"2023-06-20T19:29:12.467Z","pid":26280,"hostname":"DESKTOP-6IB58BT","msg":"connect to mongoDB"}
{"level":"INFO","time":"2023-06-20T19:38:14.490Z","pid":22764,"hostname":"DESKTOP-6IB58BT","msg":"my app is listening on http://localhost:3000"}
{"level":"INFO","time":"2023-06-20T19:38:14.516Z","pid":22764,"hostname":"DESKTOP-6IB58BT","msg":"connect to mongoDB"}
{"level":"ERROR","time":"2023-06-20T19:48:12.758Z","pid":22764,"hostname":"DESKTOP-6IB58BT","errors":{"domain":["The domain is not available."]}}
{"level":"INFO","time":"2023-06-20T20:00:12.303Z","pid":19048,"hostname":"DESKTOP-6IB58BT","msg":"my app is listening on http://localhost:3000"}
{"level":"INFO","time":"2023-06-20T20:00:12.330Z","pid":19048,"hostname":"DESKTOP-6IB58BT","msg":"connect to mongoDB"}
{"level":"ERROR","time":"2023-06-20T20:01:16.639Z","pid":19048,"hostname":"DESKTOP-6IB58BT","errors":{"title":["the title mast to be with English Letters or spaces "],"description":["the description mast to be with English letters or spaces "]}}
{"level":"ERROR","time":"2023-06-20T20:01:28.400Z","pid":19048,"hostname":"DESKTOP-6IB58BT","errors":{"title":["the title mast to be with English Letters or spaces "]}}
{"level":"INFO","time":"2023-06-20T21:05:08.010Z","pid":4432,"hostname":"DESKTOP-6IB58BT","msg":"my app is listening on http://localhost:3000"}
{"level":"INFO","time":"2023-06-20T21:05:08.029Z","pid":4432,"hostname":"DESKTOP-6IB58BT","msg":"connect to mongoDB"}
{"level":"INFO","time":"2023-06-20T21:05:59.887Z","pid":18856,"hostname":"DESKTOP-6IB58BT","msg":"my app is listening on http://localhost:3000"}
{"level":"INFO","time":"2023-06-20T21:05:59.922Z","pid":18856,"hostname":"DESKTOP-6IB58BT","msg":"connect to mongoDB"}
{"level":"INFO","time":"2023-06-20T21:07:18.817Z","pid":25876,"hostname":"DESKTOP-6IB58BT","msg":"my app is listening on http://localhost:3000"}
{"level":"INFO","time":"2023-06-20T21:07:18.832Z","pid":25876,"hostname":"DESKTOP-6IB58BT","msg":"connect to mongoDB"}
{"level":"INFO","time":"2023-06-21T08:37:08.420Z","pid":3520,"hostname":"DESKTOP-6IB58BT","msg":"my app is listening on http://localhost:3000"}
{"level":"INFO","time":"2023-06-21T08:37:08.465Z","pid":3520,"hostname":"DESKTOP-6IB58BT","msg":"connect to mongoDB"}
{"level":"INFO","time":"2023-06-21T08:40:21.004Z","pid":11472,"hostname":"DESKTOP-6IB58BT","msg":"my app is listening on http://localhost:3000"}
{"level":"INFO","time":"2023-06-21T08:40:21.021Z","pid":11472,"hostname":"DESKTOP-6IB58BT","msg":"connect to mongoDB"}
